[ 2018-12-14T10:16:43+08:00 ] ::1 /dashou/index.php/Admin/Index/index.html
INFO: [ app_init ] --START--
INFO: Run Behavior\BuildLiteBehavior [ RunTime:0.000005s ]
INFO: [ app_init ] --END-- [ RunTime:0.000263s ]
INFO: [ app_begin ] --START--
INFO: Run Behavior\ReadHtmlCacheBehavior [ RunTime:0.000412s ]
INFO: [ app_begin ] --END-- [ RunTime:0.000433s ]
INFO: [ view_parse ] --START--
INFO: [ template_filter ] --START--
INFO: Run Behavior\ContentReplaceBehavior [ RunTime:0.000038s ]
INFO: [ template_filter ] --END-- [ RunTime:0.000058s ]
INFO: Run Behavior\ParseTemplateBehavior [ RunTime:0.059059s ]
INFO: [ view_parse ] --END-- [ RunTime:0.059084s ]
INFO: [ view_filter ] --START--
INFO: Run Behavior\WriteHtmlCacheBehavior [ RunTime:0.000255s ]
INFO: [ view_filter ] --END-- [ RunTime:0.000269s ]
INFO: [ app_end ] --START--
INFO: Run Behavior\ShowPageTraceBehavior [ RunTime:0.000793s ]
INFO: [ app_end ] --END-- [ RunTime:0.000815s ]

[ 2018-12-14T10:16:43+08:00 ] ::1 /dashou/index.php/Admin/Index/welcome.html
INFO: [ app_init ] --START--
INFO: Run Behavior\BuildLiteBehavior [ RunTime:0.000008s ]
INFO: [ app_init ] --END-- [ RunTime:0.000335s ]
INFO: [ app_begin ] --START--
INFO: Run Behavior\ReadHtmlCacheBehavior [ RunTime:0.000433s ]
INFO: [ app_begin ] --END-- [ RunTime:0.000458s ]
INFO: [ view_parse ] --START--
INFO: [ template_filter ] --START--
INFO: Run Behavior\ContentReplaceBehavior [ RunTime:0.000031s ]
INFO: [ template_filter ] --END-- [ RunTime:0.000057s ]
INFO: Run Behavior\ParseTemplateBehavior [ RunTime:0.047424s ]
INFO: [ view_parse ] --END-- [ RunTime:0.047457s ]
INFO: [ view_filter ] --START--
INFO: Run Behavior\WriteHtmlCacheBehavior [ RunTime:0.000292s ]
INFO: [ view_filter ] --END-- [ RunTime:0.000310s ]
INFO: [ app_end ] --START--
INFO: Run Behavior\ShowPageTraceBehavior [ RunTime:0.000529s ]
INFO: [ app_end ] --END-- [ RunTime:0.000550s ]

[ 2018-12-14T10:16:44+08:00 ] ::1 /dashou/index.php/Admin/News/index.html
INFO: [ app_init ] --START--
INFO: Run Behavior\BuildLiteBehavior [ RunTime:0.000006s ]
INFO: [ app_init ] --END-- [ RunTime:0.000273s ]
INFO: [ app_begin ] --START--
INFO: Run Behavior\ReadHtmlCacheBehavior [ RunTime:0.000358s ]
INFO: [ app_begin ] --END-- [ RunTime:0.000376s ]
SQL: SHOW COLUMNS FROM `ds_news` [ RunTime:0.0007s ]
SQL: SELECT * FROM `ds_news`  [ RunTime:0.0003s ]
INFO: [ view_parse ] --START--
INFO: [ template_filter ] --START--
INFO: Run Behavior\ContentReplaceBehavior [ RunTime:0.000039s ]
INFO: [ template_filter ] --END-- [ RunTime:0.000058s ]
NOTIC: [2] Use of undefined constant news_id - assumed 'news_id' (this will throw an Error in a future version of PHP) D:\Software\Apache24\htdocs\dashou\Application\Runtime\Cache\Admin\36087655c6ab8580337cdc45b35a926d.php 第 72 行.
NOTIC: [2] Use of undefined constant news_id - assumed 'news_id' (this will throw an Error in a future version of PHP) D:\Software\Apache24\htdocs\dashou\Application\Runtime\Cache\Admin\36087655c6ab8580337cdc45b35a926d.php 第 79 行.
NOTIC: [2] Use of undefined constant news_id - assumed 'news_id' (this will throw an Error in a future version of PHP) D:\Software\Apache24\htdocs\dashou\Application\Runtime\Cache\Admin\36087655c6ab8580337cdc45b35a926d.php 第 82 行.
NOTIC: [2] Use of undefined constant news_id - assumed 'news_id' (this will throw an Error in a future version of PHP) D:\Software\Apache24\htdocs\dashou\Application\Runtime\Cache\Admin\36087655c6ab8580337cdc45b35a926d.php 第 72 行.
NOTIC: [2] Use of undefined constant news_id - assumed 'news_id' (this will throw an Error in a future version of PHP) D:\Software\Apache24\htdocs\dashou\Application\Runtime\Cache\Admin\36087655c6ab8580337cdc45b35a926d.php 第 79 行.
NOTIC: [2] Use of undefined constant news_id - assumed 'news_id' (this will throw an Error in a future version of PHP) D:\Software\Apache24\htdocs\dashou\Application\Runtime\Cache\Admin\36087655c6ab8580337cdc45b35a926d.php 第 82 行.
NOTIC: [2] Use of undefined constant news_id - assumed 'news_id' (this will throw an Error in a future version of PHP) D:\Software\Apache24\htdocs\dashou\Application\Runtime\Cache\Admin\36087655c6ab8580337cdc45b35a926d.php 第 76 行.
NOTIC: [2] Use of undefined constant news_id - assumed 'news_id' (this will throw an Error in a future version of PHP) D:\Software\Apache24\htdocs\dashou\Application\Runtime\Cache\Admin\36087655c6ab8580337cdc45b35a926d.php 第 79 行.
NOTIC: [2] Use of undefined constant news_id - assumed 'news_id' (this will throw an Error in a future version of PHP) D:\Software\Apache24\htdocs\dashou\Application\Runtime\Cache\Admin\36087655c6ab8580337cdc45b35a926d.php 第 82 行.
NOTIC: [2] Use of undefined constant news_id - assumed 'news_id' (this will throw an Error in a future version of PHP) D:\Software\Apache24\htdocs\dashou\Application\Runtime\Cache\Admin\36087655c6ab8580337cdc45b35a926d.php 第 72 行.
NOTIC: [2] Use of undefined constant news_id - assumed 'news_id' (this will throw an Error in a future version of PHP) D:\Software\Apache24\htdocs\dashou\Application\Runtime\Cache\Admin\36087655c6ab8580337cdc45b35a926d.php 第 79 行.
NOTIC: [2] Use of undefined constant news_id - assumed 'news_id' (this will throw an Error in a future version of PHP) D:\Software\Apache24\htdocs\dashou\Application\Runtime\Cache\Admin\36087655c6ab8580337cdc45b35a926d.php 第 82 行.
INFO: Run Behavior\ParseTemplateBehavior [ RunTime:0.071594s ]
INFO: [ view_parse ] --END-- [ RunTime:0.071619s ]
INFO: [ view_filter ] --START--
INFO: Run Behavior\WriteHtmlCacheBehavior [ RunTime:0.000488s ]
INFO: [ view_filter ] --END-- [ RunTime:0.000510s ]
INFO: [ app_end ] --START--
INFO: Run Behavior\ShowPageTraceBehavior [ RunTime:0.000710s ]
INFO: [ app_end ] --END-- [ RunTime:0.000739s ]

[ 2018-12-14T10:16:45+08:00 ] ::1 /dashou/index.php/Admin/News/newsAdd.html
INFO: [ app_init ] --START--
INFO: Run Behavior\BuildLiteBehavior [ RunTime:0.000007s ]
INFO: [ app_init ] --END-- [ RunTime:0.000326s ]
INFO: [ app_begin ] --START--
INFO: Run Behavior\ReadHtmlCacheBehavior [ RunTime:0.000456s ]
INFO: [ app_begin ] --END-- [ RunTime:0.000474s ]
INFO: [ view_parse ] --START--
INFO: [ template_filter ] --START--
INFO: Run Behavior\ContentReplaceBehavior [ RunTime:0.000092s ]
INFO: [ template_filter ] --END-- [ RunTime:0.000130s ]
NOTIC: [8] Undefined variable: article_info D:\Software\Apache24\htdocs\dashou\Application\Runtime\Cache\Admin\0078ee407de33466d4932a2de10df4c5.php 第 90 行.
INFO: Run Behavior\ParseTemplateBehavior [ RunTime:0.041201s ]
INFO: [ view_parse ] --END-- [ RunTime:0.041221s ]
INFO: [ view_filter ] --START--
INFO: Run Behavior\WriteHtmlCacheBehavior [ RunTime:0.000240s ]
INFO: [ view_filter ] --END-- [ RunTime:0.000254s ]
INFO: [ app_end ] --START--
INFO: Run Behavior\ShowPageTraceBehavior [ RunTime:0.000593s ]
INFO: [ app_end ] --END-- [ RunTime:0.000614s ]

[ 2018-12-14T10:21:24+08:00 ] ::1 /dashou/index.php/Admin/Index/index.html
INFO: [ app_init ] --START--
INFO: Run Behavior\BuildLiteBehavior [ RunTime:0.000005s ]
INFO: [ app_init ] --END-- [ RunTime:0.000271s ]
INFO: [ app_begin ] --START--
INFO: Run Behavior\ReadHtmlCacheBehavior [ RunTime:0.001253s ]
INFO: [ app_begin ] --END-- [ RunTime:0.001508s ]
INFO: [ view_parse ] --START--
INFO: [ template_filter ] --START--
INFO: Run Behavior\ContentReplaceBehavior [ RunTime:0.000038s ]
INFO: [ template_filter ] --END-- [ RunTime:0.000056s ]
INFO: Run Behavior\ParseTemplateBehavior [ RunTime:0.028494s ]
INFO: [ view_parse ] --END-- [ RunTime:0.028539s ]
INFO: [ view_filter ] --START--
INFO: Run Behavior\WriteHtmlCacheBehavior [ RunTime:0.000231s ]
INFO: [ view_filter ] --END-- [ RunTime:0.000245s ]
INFO: [ app_end ] --START--
INFO: Run Behavior\ShowPageTraceBehavior [ RunTime:0.000696s ]
INFO: [ app_end ] --END-- [ RunTime:0.000714s ]

[ 2018-12-14T10:21:25+08:00 ] ::1 /dashou/index.php/Admin/Index/welcome.html
INFO: [ app_init ] --START--
INFO: Run Behavior\BuildLiteBehavior [ RunTime:0.000009s ]
INFO: [ app_init ] --END-- [ RunTime:0.000360s ]
INFO: [ app_begin ] --START--
INFO: Run Behavior\ReadHtmlCacheBehavior [ RunTime:0.000455s ]
INFO: [ app_begin ] --END-- [ RunTime:0.000477s ]
INFO: [ view_parse ] --START--
INFO: [ template_filter ] --START--
INFO: Run Behavior\ContentReplaceBehavior [ RunTime:0.000034s ]
INFO: [ template_filter ] --END-- [ RunTime:0.000063s ]
INFO: Run Behavior\ParseTemplateBehavior [ RunTime:0.008348s ]
INFO: [ view_parse ] --END-- [ RunTime:0.008386s ]
INFO: [ view_filter ] --START--
INFO: Run Behavior\WriteHtmlCacheBehavior [ RunTime:0.000354s ]
INFO: [ view_filter ] --END-- [ RunTime:0.000371s ]
INFO: [ app_end ] --START--
INFO: Run Behavior\ShowPageTraceBehavior [ RunTime:0.000492s ]
INFO: [ app_end ] --END-- [ RunTime:0.000509s ]

[ 2018-12-14T10:21:27+08:00 ] ::1 /dashou/index.php/Admin/News/index.html
INFO: [ app_init ] --START--
INFO: Run Behavior\BuildLiteBehavior [ RunTime:0.000005s ]
INFO: [ app_init ] --END-- [ RunTime:0.000310s ]
INFO: [ app_begin ] --START--
INFO: Run Behavior\ReadHtmlCacheBehavior [ RunTime:0.000778s ]
INFO: [ app_begin ] --END-- [ RunTime:0.000855s ]
SQL: SHOW COLUMNS FROM `ds_news` [ RunTime:0.0008s ]
SQL: SELECT * FROM `ds_news`  [ RunTime:0.0004s ]
INFO: [ view_parse ] --START--
INFO: [ template_filter ] --START--
INFO: Run Behavior\ContentReplaceBehavior [ RunTime:0.000043s ]
INFO: [ template_filter ] --END-- [ RunTime:0.000062s ]
NOTIC: [2] Use of undefined constant news_id - assumed 'news_id' (this will throw an Error in a future version of PHP) D:\Software\Apache24\htdocs\dashou\Application\Runtime\Cache\Admin\36087655c6ab8580337cdc45b35a926d.php 第 72 行.
NOTIC: [2] Use of undefined constant news_id - assumed 'news_id' (this will throw an Error in a future version of PHP) D:\Software\Apache24\htdocs\dashou\Application\Runtime\Cache\Admin\36087655c6ab8580337cdc45b35a926d.php 第 79 行.
NOTIC: [2] Use of undefined constant news_id - assumed 'news_id' (this will throw an Error in a future version of PHP) D:\Software\Apache24\htdocs\dashou\Application\Runtime\Cache\Admin\36087655c6ab8580337cdc45b35a926d.php 第 82 行.
NOTIC: [2] Use of undefined constant news_id - assumed 'news_id' (this will throw an Error in a future version of PHP) D:\Software\Apache24\htdocs\dashou\Application\Runtime\Cache\Admin\36087655c6ab8580337cdc45b35a926d.php 第 72 行.
NOTIC: [2] Use of undefined constant news_id - assumed 'news_id' (this will throw an Error in a future version of PHP) D:\Software\Apache24\htdocs\dashou\Application\Runtime\Cache\Admin\36087655c6ab8580337cdc45b35a926d.php 第 79 行.
NOTIC: [2] Use of undefined constant news_id - assumed 'news_id' (this will throw an Error in a future version of PHP) D:\Software\Apache24\htdocs\dashou\Application\Runtime\Cache\Admin\36087655c6ab8580337cdc45b35a926d.php 第 82 行.
NOTIC: [2] Use of undefined constant news_id - assumed 'news_id' (this will throw an Error in a future version of PHP) D:\Software\Apache24\htdocs\dashou\Application\Runtime\Cache\Admin\36087655c6ab8580337cdc45b35a926d.php 第 76 行.
NOTIC: [2] Use of undefined constant news_id - assumed 'news_id' (this will throw an Error in a future version of PHP) D:\Software\Apache24\htdocs\dashou\Application\Runtime\Cache\Admin\36087655c6ab8580337cdc45b35a926d.php 第 79 行.
NOTIC: [2] Use of undefined constant news_id - assumed 'news_id' (this will throw an Error in a future version of PHP) D:\Software\Apache24\htdocs\dashou\Application\Runtime\Cache\Admin\36087655c6ab8580337cdc45b35a926d.php 第 82 行.
NOTIC: [2] Use of undefined constant news_id - assumed 'news_id' (this will throw an Error in a future version of PHP) D:\Software\Apache24\htdocs\dashou\Application\Runtime\Cache\Admin\36087655c6ab8580337cdc45b35a926d.php 第 72 行.
NOTIC: [2] Use of undefined constant news_id - assumed 'news_id' (this will throw an Error in a future version of PHP) D:\Software\Apache24\htdocs\dashou\Application\Runtime\Cache\Admin\36087655c6ab8580337cdc45b35a926d.php 第 79 行.
NOTIC: [2] Use of undefined constant news_id - assumed 'news_id' (this will throw an Error in a future version of PHP) D:\Software\Apache24\htdocs\dashou\Application\Runtime\Cache\Admin\36087655c6ab8580337cdc45b35a926d.php 第 82 行.
INFO: Run Behavior\ParseTemplateBehavior [ RunTime:0.074554s ]
INFO: [ view_parse ] --END-- [ RunTime:0.074574s ]
INFO: [ view_filter ] --START--
INFO: Run Behavior\WriteHtmlCacheBehavior [ RunTime:0.000247s ]
INFO: [ view_filter ] --END-- [ RunTime:0.000261s ]
INFO: [ app_end ] --START--
INFO: Run Behavior\ShowPageTraceBehavior [ RunTime:0.000513s ]
INFO: [ app_end ] --END-- [ RunTime:0.000533s ]

[ 2018-12-14T10:21:29+08:00 ] ::1 /dashou/index.php/Admin/News/newsAdd.html
INFO: [ app_init ] --START--
INFO: Run Behavior\BuildLiteBehavior [ RunTime:0.000006s ]
INFO: [ app_init ] --END-- [ RunTime:0.000364s ]
INFO: [ app_begin ] --START--
INFO: Run Behavior\ReadHtmlCacheBehavior [ RunTime:0.000577s ]
INFO: [ app_begin ] --END-- [ RunTime:0.000594s ]
INFO: [ view_parse ] --START--
INFO: [ template_filter ] --START--
INFO: Run Behavior\ContentReplaceBehavior [ RunTime:0.000082s ]
INFO: [ template_filter ] --END-- [ RunTime:0.000105s ]
NOTIC: [8] Undefined variable: article_info D:\Software\Apache24\htdocs\dashou\Application\Runtime\Cache\Admin\0078ee407de33466d4932a2de10df4c5.php 第 90 行.
INFO: Run Behavior\ParseTemplateBehavior [ RunTime:0.048903s ]
INFO: [ view_parse ] --END-- [ RunTime:0.048925s ]
INFO: [ view_filter ] --START--
INFO: Run Behavior\WriteHtmlCacheBehavior [ RunTime:0.000513s ]
INFO: [ view_filter ] --END-- [ RunTime:0.000550s ]
INFO: [ app_end ] --START--
INFO: Run Behavior\ShowPageTraceBehavior [ RunTime:0.000995s ]
INFO: [ app_end ] --END-- [ RunTime:0.001023s ]

[ 2018-12-14T10:23:01+08:00 ] ::1 /dashou/index.php/Admin/Index/index.html
INFO: [ app_init ] --START--
INFO: Run Behavior\BuildLiteBehavior [ RunTime:0.000035s ]
INFO: [ app_init ] --END-- [ RunTime:0.000324s ]
INFO: [ app_begin ] --START--
INFO: Run Behavior\ReadHtmlCacheBehavior [ RunTime:0.000369s ]
INFO: [ app_begin ] --END-- [ RunTime:0.000385s ]
INFO: [ view_parse ] --START--
INFO: [ template_filter ] --START--
INFO: Run Behavior\ContentReplaceBehavior [ RunTime:0.000051s ]
INFO: [ template_filter ] --END-- [ RunTime:0.000120s ]
INFO: Run Behavior\ParseTemplateBehavior [ RunTime:0.031158s ]
INFO: [ view_parse ] --END-- [ RunTime:0.031180s ]
INFO: [ view_filter ] --START--
INFO: Run Behavior\WriteHtmlCacheBehavior [ RunTime:0.000242s ]
INFO: [ view_filter ] --END-- [ RunTime:0.000257s ]
INFO: [ app_end ] --START--
INFO: Run Behavior\ShowPageTraceBehavior [ RunTime:0.000583s ]
INFO: [ app_end ] --END-- [ RunTime:0.000604s ]

[ 2018-12-14T10:23:02+08:00 ] ::1 /dashou/index.php/Admin/Index/welcome.html
INFO: [ app_init ] --START--
INFO: Run Behavior\BuildLiteBehavior [ RunTime:0.000009s ]
INFO: [ app_init ] --END-- [ RunTime:0.000462s ]
INFO: [ app_begin ] --START--
INFO: Run Behavior\ReadHtmlCacheBehavior [ RunTime:0.000709s ]
INFO: [ app_begin ] --END-- [ RunTime:0.000740s ]
INFO: [ view_parse ] --START--
INFO: [ template_filter ] --START--
INFO: Run Behavior\ContentReplaceBehavior [ RunTime:0.000029s ]
INFO: [ template_filter ] --END-- [ RunTime:0.000054s ]
INFO: Run Behavior\ParseTemplateBehavior [ RunTime:0.018928s ]
INFO: [ view_parse ] --END-- [ RunTime:0.018956s ]
INFO: [ view_filter ] --START--
INFO: Run Behavior\WriteHtmlCacheBehavior [ RunTime:0.000394s ]
INFO: [ view_filter ] --END-- [ RunTime:0.000409s ]
INFO: [ app_end ] --START--
INFO: Run Behavior\ShowPageTraceBehavior [ RunTime:0.000743s ]
INFO: [ app_end ] --END-- [ RunTime:0.000762s ]

[ 2018-12-14T10:23:04+08:00 ] ::1 /dashou/index.php/Admin/News/index.html
INFO: [ app_init ] --START--
INFO: Run Behavior\BuildLiteBehavior [ RunTime:0.000005s ]
INFO: [ app_init ] --END-- [ RunTime:0.000265s ]
INFO: [ app_begin ] --START--
INFO: Run Behavior\ReadHtmlCacheBehavior [ RunTime:0.000355s ]
INFO: [ app_begin ] --END-- [ RunTime:0.000370s ]
SQL: SHOW COLUMNS FROM `ds_news` [ RunTime:0.0007s ]
SQL: SELECT * FROM `ds_news`  [ RunTime:0.0003s ]
INFO: [ view_parse ] --START--
INFO: [ template_filter ] --START--
INFO: Run Behavior\ContentReplaceBehavior [ RunTime:0.000039s ]
INFO: [ template_filter ] --END-- [ RunTime:0.000054s ]
NOTIC: [2] Use of undefined constant news_id - assumed 'news_id' (this will throw an Error in a future version of PHP) D:\Software\Apache24\htdocs\dashou\Application\Runtime\Cache\Admin\36087655c6ab8580337cdc45b35a926d.php 第 72 行.
NOTIC: [2] Use of undefined constant news_id - assumed 'news_id' (this will throw an Error in a future version of PHP) D:\Software\Apache24\htdocs\dashou\Application\Runtime\Cache\Admin\36087655c6ab8580337cdc45b35a926d.php 第 79 行.
NOTIC: [2] Use of undefined constant news_id - assumed 'news_id' (this will throw an Error in a future version of PHP) D:\Software\Apache24\htdocs\dashou\Application\Runtime\Cache\Admin\36087655c6ab8580337cdc45b35a926d.php 第 82 行.
NOTIC: [2] Use of undefined constant news_id - assumed 'news_id' (this will throw an Error in a future version of PHP) D:\Software\Apache24\htdocs\dashou\Application\Runtime\Cache\Admin\36087655c6ab8580337cdc45b35a926d.php 第 72 行.
NOTIC: [2] Use of undefined constant news_id - assumed 'news_id' (this will throw an Error in a future version of PHP) D:\Software\Apache24\htdocs\dashou\Application\Runtime\Cache\Admin\36087655c6ab8580337cdc45b35a926d.php 第 79 行.
NOTIC: [2] Use of undefined constant news_id - assumed 'news_id' (this will throw an Error in a future version of PHP) D:\Software\Apache24\htdocs\dashou\Application\Runtime\Cache\Admin\36087655c6ab8580337cdc45b35a926d.php 第 82 行.
NOTIC: [2] Use of undefined constant news_id - assumed 'news_id' (this will throw an Error in a future version of PHP) D:\Software\Apache24\htdocs\dashou\Application\Runtime\Cache\Admin\36087655c6ab8580337cdc45b35a926d.php 第 76 行.
NOTIC: [2] Use of undefined constant news_id - assumed 'news_id' (this will throw an Error in a future version of PHP) D:\Software\Apache24\htdocs\dashou\Application\Runtime\Cache\Admin\36087655c6ab8580337cdc45b35a926d.php 第 79 行.
NOTIC: [2] Use of undefined constant news_id - assumed 'news_id' (this will throw an Error in a future version of PHP) D:\Software\Apache24\htdocs\dashou\Application\Runtime\Cache\Admin\36087655c6ab8580337cdc45b35a926d.php 第 82 行.
NOTIC: [2] Use of undefined constant news_id - assumed 'news_id' (this will throw an Error in a future version of PHP) D:\Software\Apache24\htdocs\dashou\Application\Runtime\Cache\Admin\36087655c6ab8580337cdc45b35a926d.php 第 72 行.
NOTIC: [2] Use of undefined constant news_id - assumed 'news_id' (this will throw an Error in a future version of PHP) D:\Software\Apache24\htdocs\dashou\Application\Runtime\Cache\Admin\36087655c6ab8580337cdc45b35a926d.php 第 79 行.
NOTIC: [2] Use of undefined constant news_id - assumed 'news_id' (this will throw an Error in a future version of PHP) D:\Software\Apache24\htdocs\dashou\Application\Runtime\Cache\Admin\36087655c6ab8580337cdc45b35a926d.php 第 82 行.
INFO: Run Behavior\ParseTemplateBehavior [ RunTime:0.045976s ]
INFO: [ view_parse ] --END-- [ RunTime:0.046031s ]
INFO: [ view_filter ] --START--
INFO: Run Behavior\WriteHtmlCacheBehavior [ RunTime:0.000983s ]
INFO: [ view_filter ] --END-- [ RunTime:0.001010s ]
INFO: [ app_end ] --START--
INFO: Run Behavior\ShowPageTraceBehavior [ RunTime:0.000597s ]
INFO: [ app_end ] --END-- [ RunTime:0.000619s ]

[ 2018-12-14T10:23:06+08:00 ] ::1 /dashou/index.php/Admin/News/newsAdd.html
INFO: [ app_init ] --START--
INFO: Run Behavior\BuildLiteBehavior [ RunTime:0.000010s ]
INFO: [ app_init ] --END-- [ RunTime:0.004268s ]
INFO: [ app_begin ] --START--
INFO: Run Behavior\ReadHtmlCacheBehavior [ RunTime:0.000572s ]
INFO: [ app_begin ] --END-- [ RunTime:0.000597s ]
INFO: [ view_parse ] --START--
INFO: [ template_filter ] --START--
INFO: Run Behavior\ContentReplaceBehavior [ RunTime:0.000079s ]
INFO: [ template_filter ] --END-- [ RunTime:0.000103s ]
NOTIC: [8] Undefined variable: article_info D:\Software\Apache24\htdocs\dashou\Application\Runtime\Cache\Admin\0078ee407de33466d4932a2de10df4c5.php 第 90 行.
INFO: Run Behavior\ParseTemplateBehavior [ RunTime:0.046094s ]
INFO: [ view_parse ] --END-- [ RunTime:0.046143s ]
INFO: [ view_filter ] --START--
INFO: Run Behavior\WriteHtmlCacheBehavior [ RunTime:0.000244s ]
INFO: [ view_filter ] --END-- [ RunTime:0.000258s ]
INFO: [ app_end ] --START--
INFO: Run Behavior\ShowPageTraceBehavior [ RunTime:0.000468s ]
INFO: [ app_end ] --END-- [ RunTime:0.000486s ]

[ 2018-12-14T10:23:53+08:00 ] ::1 /dashou/index.php/Admin/Index/index.html
INFO: [ app_init ] --START--
INFO: Run Behavior\BuildLiteBehavior [ RunTime:0.000005s ]
INFO: [ app_init ] --END-- [ RunTime:0.000301s ]
INFO: [ app_begin ] --START--
INFO: Run Behavior\ReadHtmlCacheBehavior [ RunTime:0.000392s ]
INFO: [ app_begin ] --END-- [ RunTime:0.000409s ]
INFO: [ view_parse ] --START--
INFO: [ template_filter ] --START--
INFO: Run Behavior\ContentReplaceBehavior [ RunTime:0.000037s ]
INFO: [ template_filter ] --END-- [ RunTime:0.000057s ]
INFO: Run Behavior\ParseTemplateBehavior [ RunTime:0.026819s ]
INFO: [ view_parse ] --END-- [ RunTime:0.026849s ]
INFO: [ view_filter ] --START--
INFO: Run Behavior\WriteHtmlCacheBehavior [ RunTime:0.000227s ]
INFO: [ view_filter ] --END-- [ RunTime:0.000242s ]
INFO: [ app_end ] --START--
INFO: Run Behavior\ShowPageTraceBehavior [ RunTime:0.000682s ]
INFO: [ app_end ] --END-- [ RunTime:0.000713s ]

[ 2018-12-14T10:23:53+08:00 ] ::1 /dashou/index.php/Admin/Index/welcome.html
INFO: [ app_init ] --START--
INFO: Run Behavior\BuildLiteBehavior [ RunTime:0.000006s ]
INFO: [ app_init ] --END-- [ RunTime:0.000332s ]
INFO: [ app_begin ] --START--
INFO: Run Behavior\ReadHtmlCacheBehavior [ RunTime:0.000417s ]
INFO: [ app_begin ] --END-- [ RunTime:0.000438s ]
INFO: [ view_parse ] --START--
INFO: [ template_filter ] --START--
INFO: Run Behavior\ContentReplaceBehavior [ RunTime:0.000028s ]
INFO: [ template_filter ] --END-- [ RunTime:0.000049s ]
INFO: Run Behavior\ParseTemplateBehavior [ RunTime:0.006137s ]
INFO: [ view_parse ] --END-- [ RunTime:0.006165s ]
INFO: [ view_filter ] --START--
INFO: Run Behavior\WriteHtmlCacheBehavior [ RunTime:0.000235s ]
INFO: [ view_filter ] --END-- [ RunTime:0.000248s ]
INFO: [ app_end ] --START--
INFO: Run Behavior\ShowPageTraceBehavior [ RunTime:0.000453s ]
INFO: [ app_end ] --END-- [ RunTime:0.000470s ]

[ 2018-12-14T10:23:55+08:00 ] ::1 /dashou/index.php/Admin/News/index.html
INFO: [ app_init ] --START--
INFO: Run Behavior\BuildLiteBehavior [ RunTime:0.000005s ]
INFO: [ app_init ] --END-- [ RunTime:0.000282s ]
INFO: [ app_begin ] --START--
INFO: Run Behavior\ReadHtmlCacheBehavior [ RunTime:0.000380s ]
INFO: [ app_begin ] --END-- [ RunTime:0.000398s ]
SQL: SHOW COLUMNS FROM `ds_news` [ RunTime:0.0006s ]
SQL: SELECT * FROM `ds_news`  [ RunTime:0.0002s ]
INFO: [ view_parse ] --START--
INFO: [ template_filter ] --START--
INFO: Run Behavior\ContentReplaceBehavior [ RunTime:0.000040s ]
INFO: [ template_filter ] --END-- [ RunTime:0.000058s ]
NOTIC: [2] Use of undefined constant news_id - assumed 'news_id' (this will throw an Error in a future version of PHP) D:\Software\Apache24\htdocs\dashou\Application\Runtime\Cache\Admin\36087655c6ab8580337cdc45b35a926d.php 第 72 行.
NOTIC: [2] Use of undefined constant news_id - assumed 'news_id' (this will throw an Error in a future version of PHP) D:\Software\Apache24\htdocs\dashou\Application\Runtime\Cache\Admin\36087655c6ab8580337cdc45b35a926d.php 第 79 行.
NOTIC: [2] Use of undefined constant news_id - assumed 'news_id' (this will throw an Error in a future version of PHP) D:\Software\Apache24\htdocs\dashou\Application\Runtime\Cache\Admin\36087655c6ab8580337cdc45b35a926d.php 第 82 行.
NOTIC: [2] Use of undefined constant news_id - assumed 'news_id' (this will throw an Error in a future version of PHP) D:\Software\Apache24\htdocs\dashou\Application\Runtime\Cache\Admin\36087655c6ab8580337cdc45b35a926d.php 第 72 行.
NOTIC: [2] Use of undefined constant news_id - assumed 'news_id' (this will throw an Error in a future version of PHP) D:\Software\Apache24\htdocs\dashou\Application\Runtime\Cache\Admin\36087655c6ab8580337cdc45b35a926d.php 第 79 行.
NOTIC: [2] Use of undefined constant news_id - assumed 'news_id' (this will throw an Error in a future version of PHP) D:\Software\Apache24\htdocs\dashou\Application\Runtime\Cache\Admin\36087655c6ab8580337cdc45b35a926d.php 第 82 行.
NOTIC: [2] Use of undefined constant news_id - assumed 'news_id' (this will throw an Error in a future version of PHP) D:\Software\Apache24\htdocs\dashou\Application\Runtime\Cache\Admin\36087655c6ab8580337cdc45b35a926d.php 第 76 行.
NOTIC: [2] Use of undefined constant news_id - assumed 'news_id' (this will throw an Error in a future version of PHP) D:\Software\Apache24\htdocs\dashou\Application\Runtime\Cache\Admin\36087655c6ab8580337cdc45b35a926d.php 第 79 行.
NOTIC: [2] Use of undefined constant news_id - assumed 'news_id' (this will throw an Error in a future version of PHP) D:\Software\Apache24\htdocs\dashou\Application\Runtime\Cache\Admin\36087655c6ab8580337cdc45b35a926d.php 第 82 行.
NOTIC: [2] Use of undefined constant news_id - assumed 'news_id' (this will throw an Error in a future version of PHP) D:\Software\Apache24\htdocs\dashou\Application\Runtime\Cache\Admin\36087655c6ab8580337cdc45b35a926d.php 第 72 行.
NOTIC: [2] Use of undefined constant news_id - assumed 'news_id' (this will throw an Error in a future version of PHP) D:\Software\Apache24\htdocs\dashou\Application\Runtime\Cache\Admin\36087655c6ab8580337cdc45b35a926d.php 第 79 行.
NOTIC: [2] Use of undefined constant news_id - assumed 'news_id' (this will throw an Error in a future version of PHP) D:\Software\Apache24\htdocs\dashou\Application\Runtime\Cache\Admin\36087655c6ab8580337cdc45b35a926d.php 第 82 行.
INFO: Run Behavior\ParseTemplateBehavior [ RunTime:0.043346s ]
INFO: [ view_parse ] --END-- [ RunTime:0.043365s ]
INFO: [ view_filter ] --START--
INFO: Run Behavior\WriteHtmlCacheBehavior [ RunTime:0.000361s ]
INFO: [ view_filter ] --END-- [ RunTime:0.000377s ]
INFO: [ app_end ] --START--
INFO: Run Behavior\ShowPageTraceBehavior [ RunTime:0.000720s ]
INFO: [ app_end ] --END-- [ RunTime:0.000747s ]

[ 2018-12-14T10:23:56+08:00 ] ::1 /dashou/index.php/Admin/News/newsAdd.html
INFO: [ app_init ] --START--
INFO: Run Behavior\BuildLiteBehavior [ RunTime:0.000007s ]
INFO: [ app_init ] --END-- [ RunTime:0.000307s ]
INFO: [ app_begin ] --START--
INFO: Run Behavior\ReadHtmlCacheBehavior [ RunTime:0.000407s ]
INFO: [ app_begin ] --END-- [ RunTime:0.000426s ]
INFO: [ view_parse ] --START--
INFO: [ template_filter ] --START--
INFO: Run Behavior\ContentReplaceBehavior [ RunTime:0.000081s ]
INFO: [ template_filter ] --END-- [ RunTime:0.000105s ]
NOTIC: [8] Undefined variable: article_info D:\Software\Apache24\htdocs\dashou\Application\Runtime\Cache\Admin\0078ee407de33466d4932a2de10df4c5.php 第 90 行.
INFO: Run Behavior\ParseTemplateBehavior [ RunTime:0.049190s ]
INFO: [ view_parse ] --END-- [ RunTime:0.049231s ]
INFO: [ view_filter ] --START--
INFO: Run Behavior\WriteHtmlCacheBehavior [ RunTime:0.000261s ]
INFO: [ view_filter ] --END-- [ RunTime:0.000281s ]
INFO: [ app_end ] --START--
INFO: Run Behavior\ShowPageTraceBehavior [ RunTime:0.000548s ]
INFO: [ app_end ] --END-- [ RunTime:0.000569s ]

[ 2018-12-14T10:34:42+08:00 ] ::1 /dashou/index.php/Admin/Index/index.html
INFO: [ app_init ] --START--
INFO: Run Behavior\BuildLiteBehavior [ RunTime:0.000006s ]
INFO: [ app_init ] --END-- [ RunTime:0.000274s ]
INFO: [ app_begin ] --START--
INFO: Run Behavior\ReadHtmlCacheBehavior [ RunTime:0.000371s ]
INFO: [ app_begin ] --END-- [ RunTime:0.000390s ]
INFO: [ view_parse ] --START--
INFO: [ template_filter ] --START--
INFO: Run Behavior\ContentReplaceBehavior [ RunTime:0.000038s ]
INFO: [ template_filter ] --END-- [ RunTime:0.000062s ]
INFO: Run Behavior\ParseTemplateBehavior [ RunTime:0.031624s ]
INFO: [ view_parse ] --END-- [ RunTime:0.031646s ]
INFO: [ view_filter ] --START--
INFO: Run Behavior\WriteHtmlCacheBehavior [ RunTime:0.000275s ]
INFO: [ view_filter ] --END-- [ RunTime:0.000288s ]
INFO: [ app_end ] --START--
INFO: Run Behavior\ShowPageTraceBehavior [ RunTime:0.000721s ]
INFO: [ app_end ] --END-- [ RunTime:0.000738s ]

[ 2018-12-14T10:34:42+08:00 ] ::1 /dashou/index.php/Admin/Index/welcome.html
INFO: [ app_init ] --START--
INFO: Run Behavior\BuildLiteBehavior [ RunTime:0.000009s ]
INFO: [ app_init ] --END-- [ RunTime:0.000468s ]
INFO: [ app_begin ] --START--
INFO: Run Behavior\ReadHtmlCacheBehavior [ RunTime:0.000974s ]
INFO: [ app_begin ] --END-- [ RunTime:0.001012s ]
INFO: [ view_parse ] --START--
INFO: [ template_filter ] --START--
INFO: Run Behavior\ContentReplaceBehavior [ RunTime:0.000030s ]
INFO: [ template_filter ] --END-- [ RunTime:0.000054s ]
INFO: Run Behavior\ParseTemplateBehavior [ RunTime:0.007752s ]
INFO: [ view_parse ] --END-- [ RunTime:0.007780s ]
INFO: [ view_filter ] --START--
INFO: Run Behavior\WriteHtmlCacheBehavior [ RunTime:0.000405s ]
INFO: [ view_filter ] --END-- [ RunTime:0.000422s ]
INFO: [ app_end ] --START--
INFO: Run Behavior\ShowPageTraceBehavior [ RunTime:0.000597s ]
INFO: [ app_end ] --END-- [ RunTime:0.000613s ]

[ 2018-12-14T10:34:43+08:00 ] ::1 /dashou/index.php/Admin/News/index.html
INFO: [ app_init ] --START--
INFO: Run Behavior\BuildLiteBehavior [ RunTime:0.000006s ]
INFO: [ app_init ] --END-- [ RunTime:0.000270s ]
INFO: [ app_begin ] --START--
INFO: Run Behavior\ReadHtmlCacheBehavior [ RunTime:0.000345s ]
INFO: [ app_begin ] --END-- [ RunTime:0.000361s ]
SQL: SHOW COLUMNS FROM `ds_news` [ RunTime:0.0007s ]
SQL: SELECT * FROM `ds_news`  [ RunTime:0.0003s ]
INFO: [ view_parse ] --START--
INFO: [ template_filter ] --START--
INFO: Run Behavior\ContentReplaceBehavior [ RunTime:0.000039s ]
INFO: [ template_filter ] --END-- [ RunTime:0.000056s ]
NOTIC: [2] Use of undefined constant news_id - assumed 'news_id' (this will throw an Error in a future version of PHP) D:\Software\Apache24\htdocs\dashou\Application\Runtime\Cache\Admin\36087655c6ab8580337cdc45b35a926d.php 第 72 行.
NOTIC: [2] Use of undefined constant news_id - assumed 'news_id' (this will throw an Error in a future version of PHP) D:\Software\Apache24\htdocs\dashou\Application\Runtime\Cache\Admin\36087655c6ab8580337cdc45b35a926d.php 第 79 行.
NOTIC: [2] Use of undefined constant news_id - assumed 'news_id' (this will throw an Error in a future version of PHP) D:\Software\Apache24\htdocs\dashou\Application\Runtime\Cache\Admin\36087655c6ab8580337cdc45b35a926d.php 第 82 行.
NOTIC: [2] Use of undefined constant news_id - assumed 'news_id' (this will throw an Error in a future version of PHP) D:\Software\Apache24\htdocs\dashou\Application\Runtime\Cache\Admin\36087655c6ab8580337cdc45b35a926d.php 第 72 行.
NOTIC: [2] Use of undefined constant news_id - assumed 'news_id' (this will throw an Error in a future version of PHP) D:\Software\Apache24\htdocs\dashou\Application\Runtime\Cache\Admin\36087655c6ab8580337cdc45b35a926d.php 第 79 行.
NOTIC: [2] Use of undefined constant news_id - assumed 'news_id' (this will throw an Error in a future version of PHP) D:\Software\Apache24\htdocs\dashou\Application\Runtime\Cache\Admin\36087655c6ab8580337cdc45b35a926d.php 第 82 行.
NOTIC: [2] Use of undefined constant news_id - assumed 'news_id' (this will throw an Error in a future version of PHP) D:\Software\Apache24\htdocs\dashou\Application\Runtime\Cache\Admin\36087655c6ab8580337cdc45b35a926d.php 第 76 行.
NOTIC: [2] Use of undefined constant news_id - assumed 'news_id' (this will throw an Error in a future version of PHP) D:\Software\Apache24\htdocs\dashou\Application\Runtime\Cache\Admin\36087655c6ab8580337cdc45b35a926d.php 第 79 行.
NOTIC: [2] Use of undefined constant news_id - assumed 'news_id' (this will throw an Error in a future version of PHP) D:\Software\Apache24\htdocs\dashou\Application\Runtime\Cache\Admin\36087655c6ab8580337cdc45b35a926d.php 第 82 行.
NOTIC: [2] Use of undefined constant news_id - assumed 'news_id' (this will throw an Error in a future version of PHP) D:\Software\Apache24\htdocs\dashou\Application\Runtime\Cache\Admin\36087655c6ab8580337cdc45b35a926d.php 第 72 行.
NOTIC: [2] Use of undefined constant news_id - assumed 'news_id' (this will throw an Error in a future version of PHP) D:\Software\Apache24\htdocs\dashou\Application\Runtime\Cache\Admin\36087655c6ab8580337cdc45b35a926d.php 第 79 行.
NOTIC: [2] Use of undefined constant news_id - assumed 'news_id' (this will throw an Error in a future version of PHP) D:\Software\Apache24\htdocs\dashou\Application\Runtime\Cache\Admin\36087655c6ab8580337cdc45b35a926d.php 第 82 行.
INFO: Run Behavior\ParseTemplateBehavior [ RunTime:0.042799s ]
INFO: [ view_parse ] --END-- [ RunTime:0.042817s ]
INFO: [ view_filter ] --START--
INFO: Run Behavior\WriteHtmlCacheBehavior [ RunTime:0.000236s ]
INFO: [ view_filter ] --END-- [ RunTime:0.000250s ]
INFO: [ app_end ] --START--
INFO: Run Behavior\ShowPageTraceBehavior [ RunTime:0.000725s ]
INFO: [ app_end ] --END-- [ RunTime:0.000751s ]

[ 2018-12-14T10:34:44+08:00 ] ::1 /dashou/index.php/Admin/News/newsAdd.html
INFO: [ app_init ] --START--
INFO: Run Behavior\BuildLiteBehavior [ RunTime:0.000006s ]
INFO: [ app_init ] --END-- [ RunTime:0.000348s ]
INFO: [ app_begin ] --START--
INFO: Run Behavior\ReadHtmlCacheBehavior [ RunTime:0.000822s ]
INFO: [ app_begin ] --END-- [ RunTime:0.000945s ]
INFO: [ view_parse ] --START--
INFO: [ template_filter ] --START--
INFO: Run Behavior\ContentReplaceBehavior [ RunTime:0.000075s ]
INFO: [ template_filter ] --END-- [ RunTime:0.000091s ]
NOTIC: [8] Undefined variable: article_info D:\Software\Apache24\htdocs\dashou\Application\Runtime\Cache\Admin\0078ee407de33466d4932a2de10df4c5.php 第 90 行.
INFO: Run Behavior\ParseTemplateBehavior [ RunTime:0.051841s ]
INFO: [ view_parse ] --END-- [ RunTime:0.051863s ]
INFO: [ view_filter ] --START--
INFO: Run Behavior\WriteHtmlCacheBehavior [ RunTime:0.000442s ]
INFO: [ view_filter ] --END-- [ RunTime:0.000460s ]
INFO: [ app_end ] --START--
INFO: Run Behavior\ShowPageTraceBehavior [ RunTime:0.000830s ]
INFO: [ app_end ] --END-- [ RunTime:0.000851s ]

